"../../../ProjekatOrao/Content/test_orao.uasset" 0
"../../../Engine/Plugins/2D/Paper2D/Content/DefaultSpriteMaterial.uasset" 1
"../../../Engine/Plugins/2D/Paper2D/Content/OpaqueUnlitSpriteMaterial.uasset" 2
"../../../ProjekatOrao/Content/2DSideScroller/Textures/2DBackground.uasset" 3
"../../../ProjekatOrao/Content/2DSideScroller/Sprites/Background_Sprite.uasset" 4
"../../../ProjekatOrao/Content/2DSideScroller/Textures/2DCharacter_IdleAnimAtlas.uasset" 5
"../../../ProjekatOrao/Content/2DSideScroller/Sprites/IdleFrames/IdleCycle1.uasset" 6
"../../../ProjekatOrao/Content/2DSideScroller/Sprites/IdleFrames/IdleCycle2.uasset" 7
"../../../ProjekatOrao/Content/2DSideScroller/Sprites/IdleFrames/IdleCycle3.uasset" 8
"../../../ProjekatOrao/Content/2DSideScroller/Sprites/IdleFrames/IdleCycle4.uasset" 9
"../../../ProjekatOrao/Content/2DSideScroller/Sprites/IdleFrames/IdleCycle5.uasset" 10
"../../../ProjekatOrao/Content/2DSideScroller/Sprites/IdleFrames/IdleCycle6.uasset" 11
"../../../ProjekatOrao/Content/2DSideScroller/Sprites/IdleFrames/IdleCycle7.uasset" 12
"../../../ProjekatOrao/Content/2DSideScroller/Sprites/IdleFrames/IdleCycle8.uasset" 13
"../../../ProjekatOrao/Content/2DSideScroller/Sprites/IdleAnimation.uasset" 14
"../../../ProjekatOrao/Content/2DSideScroller/Textures/2DBackgroundBlockAtlas.uasset" 15
"../../../ProjekatOrao/Content/2DSideScroller/Sprites/Ledge.uasset" 16
"../../../ProjekatOrao/Content/2DSideScroller/Textures/2DBackgroundTile.uasset" 17
"../../../ProjekatOrao/Content/2DSideScroller/Materials/PrototypingSpriteMaterial.uasset" 18
"../../../ProjekatOrao/Content/2DSideScroller/Sprites/PrototypingSprite.uasset" 19
"../../../ProjekatOrao/Content/2DSideScroller/Textures/2DCharacter_RunAnimAtlas.uasset" 20
"../../../ProjekatOrao/Content/2DSideScroller/Sprites/RunFrames/RunCycle_1.uasset" 21
"../../../ProjekatOrao/Content/2DSideScroller/Sprites/RunFrames/RunCycle_10.uasset" 22
"../../../ProjekatOrao/Content/2DSideScroller/Sprites/RunFrames/RunCycle_11.uasset" 23
"../../../ProjekatOrao/Content/2DSideScroller/Sprites/RunFrames/RunCycle_12.uasset" 24
"../../../ProjekatOrao/Content/2DSideScroller/Sprites/RunFrames/RunCycle_13.uasset" 25
"../../../ProjekatOrao/Content/2DSideScroller/Sprites/RunFrames/RunCycle_14.uasset" 26
"../../../ProjekatOrao/Content/2DSideScroller/Sprites/RunFrames/RunCycle_15.uasset" 27
"../../../ProjekatOrao/Content/2DSideScroller/Sprites/RunFrames/RunCycle_16.uasset" 28
"../../../ProjekatOrao/Content/2DSideScroller/Sprites/RunFrames/RunCycle_2.uasset" 29
"../../../ProjekatOrao/Content/2DSideScroller/Sprites/RunFrames/RunCycle_3.uasset" 30
"../../../ProjekatOrao/Content/2DSideScroller/Sprites/RunFrames/RunCycle_4.uasset" 31
"../../../ProjekatOrao/Content/2DSideScroller/Sprites/RunFrames/RunCycle_5.uasset" 32
"../../../ProjekatOrao/Content/2DSideScroller/Sprites/RunFrames/RunCycle_6.uasset" 33
"../../../ProjekatOrao/Content/2DSideScroller/Sprites/RunFrames/RunCycle_7.uasset" 34
"../../../ProjekatOrao/Content/2DSideScroller/Sprites/RunFrames/RunCycle_8.uasset" 35
"../../../ProjekatOrao/Content/2DSideScroller/Sprites/RunFrames/RunCycle_9.uasset" 36
"../../../ProjekatOrao/Content/2DSideScroller/Sprites/RunningAnimation.uasset" 37
"../../../ProjekatOrao/Content/2DSideScrollerBP/Blueprints/masina_stanja/blobanimacije.uasset" 38
"../../../ProjekatOrao/Content/2DSideScrollerBP/ninja/blob_death__1_.uasset" 39
"../../../ProjekatOrao/Content/2DSideScrollerBP/ninja/blob_death__1__Sprite_0.uasset" 40
"../../../ProjekatOrao/Content/2DSideScrollerBP/ninja/blob_death__1__Sprite_1.uasset" 41
"../../../ProjekatOrao/Content/2DSideScrollerBP/ninja/blob_death__1__Sprite_2.uasset" 42
"../../../ProjekatOrao/Content/2DSideScrollerBP/ninja/blob_death__1__Sprite_3.uasset" 43
"../../../ProjekatOrao/Content/2DSideScrollerBP/ninja/blob_death__1__Sprite_4.uasset" 44
"../../../ProjekatOrao/Content/2DSideScrollerBP/ninja/blob_death__1__Sprite_5.uasset" 45
"../../../ProjekatOrao/Content/2DSideScrollerBP/ninja/blob_death__1__Sprite_6.uasset" 46
"../../../ProjekatOrao/Content/2DSideScrollerBP/ninja/blob_death__1__Sprite_7.uasset" 47
"../../../ProjekatOrao/Content/2DSideScrollerBP/ninja/blob_death__1.uasset" 48
"../../../ProjekatOrao/Content/2DSideScrollerBP/ninja/blob_move__1_.uasset" 49
"../../../ProjekatOrao/Content/2DSideScrollerBP/ninja/blob_move__1__Sprite_0.uasset" 50
"../../../ProjekatOrao/Content/2DSideScrollerBP/ninja/blob_move__1__Sprite_1.uasset" 51
"../../../ProjekatOrao/Content/2DSideScrollerBP/ninja/blob_move__1__Sprite_2.uasset" 52
"../../../ProjekatOrao/Content/2DSideScrollerBP/ninja/blob_move__1__Sprite_3.uasset" 53
"../../../ProjekatOrao/Content/2DSideScrollerBP/ninja/blob_move__1__Sprite_4.uasset" 54
"../../../ProjekatOrao/Content/2DSideScrollerBP/ninja/blob_move__1__Sprite_5.uasset" 55
"../../../ProjekatOrao/Content/2DSideScrollerBP/ninja/blob_move__1__Sprite_6.uasset" 56
"../../../ProjekatOrao/Content/2DSideScrollerBP/ninja/blob_move__1__Sprite_7.uasset" 57
"../../../ProjekatOrao/Content/2DSideScrollerBP/ninja/blob_move__1.uasset" 58
"../../../ProjekatOrao/Content/2DSideScrollerBP/Blueprints/blob.uasset" 59
"../../../Engine/Content/EditorBlueprintResources/StandardMacros.uasset" 60
"../../../ProjekatOrao/Content/2DSideScrollerBP/glumac/Spikes_in_Sonic_the_Hedgehog_4.uasset" 61
"../../../ProjekatOrao/Content/2DSideScrollerBP/glumac/Spikes_in_Sonic_the_Hedgehog_4_Sprite.uasset" 62
"../../../ProjekatOrao/Content/2DSideScrollerBP/glumac/siljci.uasset" 63
"../../../ProjekatOrao/Content/2DSideScrollerBP/glumac/hit_box.uasset" 64
"../../../ProjekatOrao/Content/2DSideScrollerBP/Blueprints/masina_stanja/animacije.uasset" 65
"../../../ProjekatOrao/Content/2DSideScrollerBP/ninja/idle-Sheet.uasset" 66
"../../../ProjekatOrao/Content/2DSideScrollerBP/ninja/idle-Sheet_Sprite_0.uasset" 67
"../../../ProjekatOrao/Content/2DSideScrollerBP/ninja/idle-Sheet_Sprite_1.uasset" 68
"../../../ProjekatOrao/Content/2DSideScrollerBP/ninja/idle-Sheet_Sprite_2.uasset" 69
"../../../ProjekatOrao/Content/2DSideScrollerBP/ninja/idle-Sheet_Sprite_3.uasset" 70
"../../../ProjekatOrao/Content/2DSideScrollerBP/ninja/idle-Sheet1.uasset" 71
"../../../ProjekatOrao/Content/2DSideScrollerBP/ninja/hurt-Sheet.uasset" 72
"../../../ProjekatOrao/Content/2DSideScrollerBP/ninja/hurt-Sheet_Sprite_0.uasset" 73
"../../../ProjekatOrao/Content/2DSideScrollerBP/ninja/hurt-Sheet_Sprite_1.uasset" 74
"../../../ProjekatOrao/Content/2DSideScrollerBP/ninja/hurt-Sheet_Sprite_2.uasset" 75
"../../../ProjekatOrao/Content/2DSideScrollerBP/ninja/hurt-Sheet_Sprite_3.uasset" 76
"../../../ProjekatOrao/Content/2DSideScrollerBP/ninja/hurt-Sheet_Sprite_4.uasset" 77
"../../../ProjekatOrao/Content/2DSideScrollerBP/ninja/rNJEN.uasset" 78
"../../../ProjekatOrao/Content/2DSideScrollerBP/ninja/run-Sheet.uasset" 79
"../../../ProjekatOrao/Content/2DSideScrollerBP/ninja/run-Sheet_Sprite_0.uasset" 80
"../../../ProjekatOrao/Content/2DSideScrollerBP/ninja/run-Sheet_Sprite_1.uasset" 81
"../../../ProjekatOrao/Content/2DSideScrollerBP/ninja/run-Sheet_Sprite_2.uasset" 82
"../../../ProjekatOrao/Content/2DSideScrollerBP/ninja/run-Sheet1.uasset" 83
"../../../ProjekatOrao/Content/2DSideScrollerBP/ninja/long_jump_fall_anim-Sheet.uasset" 84
"../../../ProjekatOrao/Content/2DSideScrollerBP/ninja/long_jump_fall_anim-Sheet_Sprite_2.uasset" 85
"../../../ProjekatOrao/Content/2DSideScrollerBP/ninja/long_jump_fall_anim-Sheet_Sprite_3.uasset" 86
"../../../ProjekatOrao/Content/2DSideScrollerBP/ninja/long_jump_fall_anim-Sheet_Sprite_4.uasset" 87
"../../../ProjekatOrao/Content/2DSideScrollerBP/ninja/long_jump_fall_anim-Sheet_Sprite_5.uasset" 88
"../../../ProjekatOrao/Content/2DSideScrollerBP/ninja/long_jump_fall_anim-Sheet_Sprite_6.uasset" 89
"../../../ProjekatOrao/Content/2DSideScrollerBP/ninja/long_jump_fall_anim-Sheet_Sprite_7.uasset" 90
"../../../ProjekatOrao/Content/2DSideScrollerBP/ninja/skok.uasset" 91
"../../../ProjekatOrao/Content/2DSideScrollerBP/ninja/slash-Sheet.uasset" 92
"../../../ProjekatOrao/Content/2DSideScrollerBP/ninja/slash-Sheet_Sprite_0.uasset" 93
"../../../ProjekatOrao/Content/2DSideScrollerBP/ninja/slash-Sheet_Sprite_1.uasset" 94
"../../../ProjekatOrao/Content/2DSideScrollerBP/ninja/slash-Sheet_Sprite_2.uasset" 95
"../../../ProjekatOrao/Content/2DSideScrollerBP/ninja/slash-Sheet_Sprite_3.uasset" 96
"../../../ProjekatOrao/Content/2DSideScrollerBP/ninja/udarac.uasset" 97
"../../../ProjekatOrao/Content/2DSideScrollerBP/Blueprints/2DSideScrollerCharacter.uasset" 98
"../../../ProjekatOrao/Content/2DSideScrollerBP/glumac/glumac.uasset" 99
"../../../ProjekatOrao/Content/2DSideScrollerBP/glumac/popUp.uasset" 100
"../../../ProjekatOrao/Content/2DSideScrollerBP/glumac/prvi_neprijatelj.uasset" 101
"../../../ProjekatOrao/Content/2DSideScrollerBP/ninja/death-Sheet.uasset" 102
"../../../ProjekatOrao/Content/2DSideScrollerBP/ninja/images_Sprite.uasset" 103
"../../../ProjekatOrao/Content/2DSideScrollerBP/ninja/long_jump_fall_anim-Sheet_Sprite_0.uasset" 104
"../../../ProjekatOrao/Content/2DSideScrollerBP/ninja/long_jump_fall_anim-Sheet_Sprite_1.uasset" 105
"../../../ProjekatOrao/Content/2DSideScrollerBP/ninja/quick_jump_fall_anim-Sheet.uasset" 106
"../../../ProjekatOrao/Content/2DSideScrollerBP/ninja/sneaky_walk-Sheet.uasset" 107
"../../../ProjekatOrao/Content/2DSideScrollerBP/ninja/throw-Sheet.uasset" 108
"../../../ProjekatOrao/Content/2DSideScrollerBP/tajl_mape/Tileset.uasset" 109
"../../../ProjekatOrao/Content/2DSideScrollerBP/tajl_mape/Tileset_TileSet.uasset" 110
"../../../ProjekatOrao/Content/2DSideScrollerBP/tajl_mape/mapa_aseti1.uasset" 111
"../../../ProjekatOrao/Content/TileMape/ui.uasset" 112
"../../../Engine/Plugins/2D/Paper2D/Content/TranslucentUnlitSpriteMaterial.uasset" 113
"../../../ProjekatOrao/Content/TileMape/sheet.uasset" 114
"../../../ProjekatOrao/Content/TileMape/sheet_TileSet.uasset" 115
"../../../ProjekatOrao/Content/TileMape/zima_mapa.uasset" 116
"../../../ProjekatOrao/Content/UI/Untitled.uasset" 117
"../../../ProjekatOrao/Content/UI/Glavni_meni1.uasset" 118
"../../../Engine/Content/Functions/Engine_MaterialFunctions01/Opacity/CameraDepthFade.uasset" 119
"../../../Engine/Content/EngineMaterials/T_Default_Material_Grid_M.uasset" 120
"../../../Engine/Content/EngineMaterials/T_Default_Material_Grid_N.uasset" 121
"../../../Engine/Content/EngineMaterials/DefaultMaterial.uasset" 122
"../../../Engine/Content/BasicShapes/Cone.uasset" 123
"../../../Engine/Content/EngineMaterials/WorldGridMaterial.uasset" 124
"../../../Engine/Content/BasicShapes/Cube.uasset" 125
"../../../Engine/Content/BasicShapes/Cylinder.uasset" 126
"../../../Engine/Content/BasicShapes/Plane.uasset" 127
"../../../Engine/Content/BasicShapes/Sphere.uasset" 128
"../../../Engine/Content/EditorLandscapeResources/DataLayer.uasset" 129
"../../../Engine/Content/EditorMaterials/GizmoMaterial.uasset" 130
"../../../Engine/Content/EditorMaterials/MAT_Groups_Toggle.uasset" 131
"../../../Engine/Content/EditorMaterials/MAT_Groups_Visibility.uasset" 132
"../../../Engine/Content/EditorMaterials/PreviewShadowIndicator.uasset" 133
"../../../Engine/Content/EditorMaterials/PreviewShadowIndicatorMaterial.uasset" 134
"../../../Engine/Content/EditorMaterials/MatineeGroups/MAT_ColorTrack.uasset" 135
"../../../Engine/Content/EditorMaterials/MatineeGroups/MAT_Groups_Anim.uasset" 136
"../../../Engine/Content/EditorMaterials/MatineeGroups/MAT_Groups_AudioMaster.uasset" 137
"../../../Engine/Content/EditorMaterials/MatineeGroups/MAT_Groups_Director.uasset" 138
"../../../Engine/Content/EditorMaterials/MatineeGroups/MAT_Groups_Event.uasset" 139
"../../../Engine/Content/EditorMaterials/MatineeGroups/MAT_Groups_Fade.uasset" 140
"../../../Engine/Content/EditorMaterials/MatineeGroups/MAT_Groups_Float.uasset" 141
"../../../Engine/Content/EditorMaterials/MatineeGroups/MAT_Groups_Move.uasset" 142
"../../../Engine/Content/EditorMaterials/MatineeGroups/MAT_Groups_Slomo.uasset" 143
"../../../Engine/Content/EditorMaterials/MatineeGroups/MAT_Groups_Sound.uasset" 144
"../../../Engine/Content/EditorMaterials/MatineeGroups/MAT_Groups_Vector.uasset" 145
"../../../Engine/Content/EditorMaterials/ParticleSystems/PSysThumbnail_NoImage.uasset" 146
"../../../Engine/Content/EditorMaterials/ParticleSystems/PSysThumbnail_OOD.uasset" 147
"../../../Engine/Content/EditorMaterials/Camera/CineMat.uasset" 148
"../../../Engine/Content/EditorMaterials/Camera/MI_CineMat_Rig.uasset" 149
"../../../Engine/Content/EditorMeshes/Camera/SM_CraneRig_Arm.uasset" 150
"../../../Engine/Content/EditorMeshes/Camera/SM_CraneRig_Base.uasset" 151
"../../../Engine/Content/EditorMeshes/Camera/SM_CraneRig_Body.uasset" 152
"../../../Engine/Content/EditorMeshes/Camera/SM_CraneRig_Mount.uasset" 153
"../../../Engine/Content/EditorMeshes/Camera/SM_RailRig_Mount.uasset" 154
"../../../Engine/Content/EditorMeshes/Camera/SM_RailRig_Track.uasset" 155
"../../../Engine/Content/EditorMeshes/ColorCalibrator/M_ChromeBall.uasset" 156
"../../../Engine/Content/EditorMeshes/ColorCalibrator/M_ClearCoat.uasset" 157
"../../../Engine/Content/EditorMeshes/ColorCalibrator/M_ClearCoatBlack.uasset" 158
"../../../Engine/Content/EditorMeshes/ColorCalibrator/Color_checker.uasset" 159
"../../../Engine/Content/EditorMeshes/ColorCalibrator/M_ColorGrid.uasset" 160
"../../../Engine/Content/EditorMeshes/ColorCalibrator/M_GreyBall.uasset" 161
"../../../Engine/Content/EditorMeshes/ColorCalibrator/SM_ColorCalibrator.uasset" 162
"../../../Engine/Content/EditorResources/BSPVertex.uasset" 163
"../../../Engine/Content/EditorResources/EmptyActor.uasset" 164
"../../../Engine/Content/EditorResources/S_Actor.uasset" 165
"../../../Engine/Content/EditorResources/S_Trigger.uasset" 166
"../../../Engine/Content/EditorResources/SequenceRecorder/Countdown.uasset" 167
"../../../Engine/Content/EditorResources/SequenceRecorder/RecordingIndicator.uasset" 168
"../../../Engine/Content/EditorSounds/Notifications/CompileFailed.uasset" 169
"../../../Engine/Content/EditorSounds/Notifications/CompileFailed_Cue.uasset" 170
"../../../Engine/Content/EditorSounds/Notifications/CompileSuccess.uasset" 171
"../../../Engine/Content/EditorSounds/Notifications/CompileStart_Cue.uasset" 172
"../../../Engine/Content/EditorSounds/Notifications/CompileSuccess_Cue.uasset" 173
"../../../Engine/Content/EngineDamageTypes/DmgTypeBP_Environmental.uasset" 174
"../../../Engine/Content/EngineDebugMaterials/HeatmapGradient.uasset" 175
"../../../Engine/Content/EngineDebugMaterials/BoneWeightMaterial.uasset" 176
"../../../Engine/Content/EngineDebugMaterials/ClothMaterial.uasset" 177
"../../../Engine/Content/EngineDebugMaterials/ClothMaterial_WF.uasset" 178
"../../../Engine/Content/EngineDebugMaterials/DebugEditorMaterial.uasset" 179
"../../../Engine/Content/EngineDebugMaterials/DebugMeshMaterial.uasset" 180
"../../../Engine/Content/EngineDebugMaterials/GeomMaterial.uasset" 181
"../../../Engine/Content/EngineFonts/Faces/RobotoBold.uasset" 182
"../../../Engine/Content/EngineFonts/Faces/RobotoBoldItalic.uasset" 183
"../../../Engine/Content/EngineFonts/Faces/RobotoItalic.uasset" 184
"../../../Engine/Content/EngineFonts/Faces/RobotoLight.uasset" 185
"../../../Engine/Content/EngineFonts/Faces/RobotoRegular.uasset" 186
"../../../Engine/Content/EngineFonts/Roboto.uasset" 187
"../../../Engine/Content/EngineFonts/Faces/RobotoTiny.uasset" 188
"../../../Engine/Content/EngineFonts/RobotoTiny.uasset" 189
"../../../Engine/Content/EngineMaterials/DefaultBloomKernel.uasset" 190
"../../../Engine/Content/EngineMaterials/DefaultBokeh.uasset" 191
"../../../Engine/Content/EngineMaterials/DefaultDiffuse.uasset" 192
"../../../Engine/Content/EngineMaterials/DefaultDeferredDecalMaterial.uasset" 193
"../../../Engine/Content/EngineMaterials/DefaultLightFunctionMaterial.uasset" 194
"../../../Engine/Content/EngineMaterials/DefaultPhysicalMaterial.uasset" 195
"../../../Engine/Content/Functions/Engine_MaterialFunctions02/Utility/BreakOutFloat2Components.uasset" 196
"../../../Engine/Content/EngineMaterials/DefaultPostProcessMaterial.uasset" 197
"../../../Engine/Content/EngineFonts/RobotoDistanceField.uasset" 198
"../../../Engine/Content/EngineMaterials/DefaultTextMaterialOpaque.uasset" 199
"../../../Engine/Content/EngineMaterials/DefaultWhiteGrid.uasset" 200
"../../../Engine/Content/EngineMaterials/EditorBrushMaterial.uasset" 201
"../../../Engine/Content/EngineMaterials/Good64x64TilingNoiseHighFreq.uasset" 202
"../../../Engine/Content/EngineMaterials/MiniFont.uasset" 203
"../../../Engine/Content/EngineMaterials/InvalidLightmapSettings.uasset" 204
"../../../Engine/Content/EngineMaterials/M_InvalidLightmapSettings.uasset" 205
"../../../Engine/Content/Functions/Engine_MaterialFunctions02/WorldPositionOffset/CameraOffset.uasset" 206
"../../../Engine/Content/EngineMaterials/PhAT_JointLimitMaterial.uasset" 207
"../../../Engine/Content/EngineMaterials/PreintegratedSkinBRDF.uasset" 208
"../../../Engine/Content/EngineMaterials/RemoveSurfaceMaterial.uasset" 209
"../../../Engine/Content/EngineMaterials/WeightMapPlaceholderTexture.uasset" 210
"../../../Engine/Content/EngineResources/WhiteSquareTexture.uasset" 211
"../../../Engine/Content/EngineMaterials/Widget3DPassThrough.uasset" 212
"../../../Engine/Content/EngineMaterials/Widget3DPassThrough_Masked.uasset" 213
"../../../Engine/Content/EngineMaterials/Widget3DPassThrough_Opaque.uasset" 214
"../../../Engine/Content/EngineMaterials/Widget3DPassThrough_Masked_OneSided.uasset" 215
"../../../Engine/Content/EngineMaterials/Widget3DPassThrough_Opaque_OneSided.uasset" 216
"../../../Engine/Content/EngineMaterials/Widget3DPassThrough_Translucent.uasset" 217
"../../../Engine/Content/EngineMaterials/Widget3DPassThrough_Translucent_OneSided.uasset" 218
"../../../Engine/Content/EngineMeshes/Cube.uasset" 219
"../../../Engine/Content/EngineMeshes/Cylinder.uasset" 220
"../../../Engine/Content/EngineMeshes/Sphere.uasset" 221
"../../../Engine/Content/EngineResources/Black.uasset" 222
"../../../Engine/Content/EngineResources/DefaultTexture.uasset" 223
"../../../Engine/Content/EngineResources/DefaultTextureCube.uasset" 224
"../../../Engine/Content/EngineResources/GradientTexture0.uasset" 225
"../../../Engine/Content/EngineSounds/Master.uasset" 226
"../../../Engine/Content/Functions/Engine_MaterialFunctions01/Shading/ConvertFromDiffSpec.uasset" 227
"../../../Engine/Content/Functions/Engine_MaterialFunctions01/Shading/PowerToRoughness.uasset" 228
"../../../Engine/Content/Maps/Templates/Thumbnails/Default.uasset" 229
"../../../Engine/Content/Maps/Templates/Thumbnails/VR-Basic.uasset" 230
"../../../Engine/Content/MobileResources/T_MobileControls_texture.uasset" 231
"../../../Engine/Content/MobileResources/T_MobileMenu2.uasset" 232
"../../../Engine/Content/MobileResources/HUD/AnalogHat.uasset" 233
"../../../Engine/Content/MobileResources/HUD/VirtualJoystick_Background.uasset" 234
"../../../Engine/Content/MobileResources/HUD/VirtualJoystick_Thumb.uasset" 235
"../../../Engine/Content/MobileResources/HUD/DefaultVirtualJoysticks.uasset" 236
"../../../Engine/Content/MobileResources/HUD/LeftVirtualJoystickOnly.uasset" 237
"../../../Engine/Content/MobileResources/HUD/MobileHUDButton1_off.uasset" 238
"../../../Engine/Content/MobileResources/HUD/MobileHUDButton1_on.uasset" 239
"../../../Engine/Content/MobileResources/HUD/MobileHUDButton2_off.uasset" 240
"../../../Engine/Content/MobileResources/HUD/MobileHUDButton2_on.uasset" 241
"../../../Engine/Content/MobileResources/HUD/MobileHUDButton3.uasset" 242
"../../../Engine/Content/MobileResources/HUD/MobileHUDButtonFire.uasset" 243
"../../../Engine/Content/MobileResources/HUD/MobileHUDDirectionPad.uasset" 244
"../../../Engine/Content/MobileResources/HUD/MobileHUDDirectionPad2.uasset" 245
"../../../Engine/Content/MobileResources/HUD/MobileHUDDirectionPad3.uasset" 246
"../../../Engine/Content/MobileResources/HUD/MobileHUDDirectionStick.uasset" 247
"../../../Engine/Content/MobileResources/HUD/T_Castle_ThumbstickInner.uasset" 248
"../../../Engine/Content/MobileResources/HUD/T_Castle_ThumbstickOutter.uasset" 249
"../../../Engine/Content/Tutorial/ContentIntroCurve.uasset" 250
"../../../Engine/Content/Tutorial/Basics/TutorialAssets/icon_tab_Levels_40x.uasset" 251
"../../../Engine/Content/Tutorial/BlueprintTutorials/TutorialAssets/BlueprintInterface_64x.uasset" 252
"../../../Engine/Content/Tutorial/BlueprintTutorials/TutorialAssets/BlueprintMacroLibrary_64x.uasset" 253
"../../../Engine/Content/Tutorial/BlueprintTutorials/TutorialAssets/Blueprint_64x.uasset" 254
"../../../Engine/Content/Tutorial/BlueprintTutorials/TutorialAssets/Tutorial_BP_Interface.uasset" 255
"../../../Engine/Content/Tutorial/Foliage/TutorialAssets/Foliage.uasset" 256
"../../../Engine/Content/Tutorial/Landscape/TutorialAssets/Landscape.uasset" 257
"../../../Engine/Content/Tutorial/Paper2D/TutorialAssets/Paper2DFlipbook_TutorialIcon.uasset" 258
"../../../Engine/Content/Tutorial/Paper2D/TutorialAssets/Paper2DSprite_TutorialIcon.uasset" 259
"../../../Engine/Content/Tutorial/SubEditors/TutorialAssets/icon_Editor_Preferences_General_40x.uasset" 260
"../../../Engine/Content/Tutorial/SubEditors/TutorialAssets/icon_ShowSkeletalMeshes_40x.uasset" 261
"../../../Engine/Content/Tutorial/SubEditors/TutorialAssets/TutorialMaterial.uasset" 262
"../../../Engine/Content/Tutorial/SubEditors/TutorialAssets/T_SmokeSubUV_8X8.uasset" 263
"../../../Engine/Content/Tutorial/SubEditors/TutorialAssets/T_soft_smoke.uasset" 264
"../../../Engine/Content/Tutorial/SubEditors/TutorialAssets/M_smoke_subUV_blackbody.uasset" 265
"../../../Engine/Content/Tutorial/SubEditors/TutorialAssets/TutorialParticleSystem.uasset" 266
"../../../Engine/Content/VREditor/Devices/Generic/GenericHMDMaterial.uasset" 267
"../../../Engine/Content/VREditor/Devices/Generic/GenericHMD.uasset" 268
"../../../Engine/Content/VREditor/FloatingText/LineMaterial.uasset" 269
"../../../Engine/Content/VREditor/FloatingText/JointSphere.uasset" 270
"../../../Engine/Content/VREditor/FloatingText/LineSegmentCylinder.uasset" 271
"../../../Engine/Content/VREditor/Fonts/VRText_RobotoLarge.uasset" 272
"../../../Engine/Content/VREditor/Fonts/VRTextMaterial.uasset" 273
"../../../Engine/Content/VREditor/Fonts/TranslucentVRTextMaterial.uasset" 274
"../../../Engine/Content/VREditor/LaserPointer/CursorPointer.uasset" 275
"../../../Engine/Content/VREditor/LaserPointer/VR_LaserPower_01.uasset" 276
"../../../Engine/Content/VREditor/TransformGizmo/TransformGizmoMaterial.uasset" 277
"../../../Engine/Content/VREditor/LaserPointer/HoverMaterial.uasset" 278
"../../../Engine/Content/VREditor/TransformGizmo/TranslucentTransformGizmoMaterial.uasset" 279
"../../../Engine/Content/VREditor/LaserPointer/TranslucentHoverMaterial.uasset" 280
"../../../Engine/Content/VREditor/LaserPointer/HoverMesh.uasset" 281
"../../../Engine/Content/VREditor/LaserPointer/LaserPointerMaterial.uasset" 282
"../../../Engine/Content/VREditor/LaserPointer/LaserPointerMaterialInst.uasset" 283
"../../../Engine/Content/VREditor/LaserPointer/TranslucentLaserPointerMaterialInst.uasset" 284
"../../../Engine/Content/VREditor/LaserPointer/LaserPointerMesh.uasset" 285
"../../../Engine/Content/VREditor/LaserPointer/LaserPointerMesh_End.uasset" 286
"../../../Engine/Content/VREditor/LaserPointer/LaserPointerMesh_Start.uasset" 287
"../../../Engine/Content/Functions/Engine_MaterialFunctions02/Utility/BreakOutFloat3Components.uasset" 288
"../../../Engine/Content/Functions/Engine_MaterialFunctions02/Math/Transform3x3Matrix.uasset" 289
"../../../Engine/Content/Functions/Engine_MaterialFunctions02/SplitComponents.uasset" 290
"../../../Engine/Content/Functions/Engine_MaterialFunctions02/Utility/MakeFloat3.uasset" 291
"../../../Engine/Content/VREditor/SnapGrid/SnapGridMaterial.uasset" 292
"../../../Engine/Content/VREditor/SnapGrid/SnapGridPlaneMesh.uasset" 293
"../../../Engine/Content/VREditor/Sounds/VR_teleport.uasset" 294
"../../../Engine/Content/VREditor/Sounds/UI/Click_on_Button_Cue.uasset" 295
"../../../Engine/Content/VREditor/Sounds/UI/Dockable_Window_Close.uasset" 296
"../../../Engine/Content/VREditor/Sounds/UI/Dockable_Window_Drop.uasset" 297
"../../../Engine/Content/VREditor/Sounds/UI/Dockable_Window_Open.uasset" 298
"../../../Engine/Content/VREditor/Sounds/UI/Dockable_Window_Pick_Up.uasset" 299
"../../../Engine/Content/VREditor/Sounds/UI/Drop_Item_From_ContentBrowser.uasset" 300
"../../../Engine/Content/VREditor/Sounds/UI/Floating_UI_Open-001.uasset" 301
"../../../Engine/Content/VREditor/Sounds/UI/Gizmo_Handle_Clicked.uasset" 302
"../../../Engine/Content/VREditor/Sounds/UI/Object_PickUp.uasset" 303
"../../../Engine/Content/VREditor/Sounds/UI/Object_Snaps_To_Another_Actor.uasset" 304
"../../../Engine/Content/VREditor/Sounds/UI/Object_Snaps_To_Grid.uasset" 305
"../../../Engine/Content/VREditor/Sounds/UI/Radial_Menu_FadeOut.uasset" 306
"../../../Engine/Content/VREditor/Sounds/UI/Scaling_Down.uasset" 307
"../../../Engine/Content/VREditor/Sounds/UI/Scaling_Up.uasset" 308
"../../../Engine/Content/VREditor/Sounds/UI/Selection_Changes.uasset" 309
"../../../Engine/Content/VREditor/Sounds/UI/Teleport_Mode_Entered.uasset" 310
"../../../Engine/Content/VREditor/Teleport/TeleportDirectionMaterial.uasset" 311
"../../../Engine/Content/VREditor/Teleport/TeleportDirectionMaterial_Inst.uasset" 312
"../../../Engine/Content/VREditor/Teleport/TeleportDirectionMesh.uasset" 313
"../../../Engine/Content/VREditor/TransformGizmo/BoundingBoxCorner.uasset" 314
"../../../Engine/Content/VREditor/TransformGizmo/BoundingBoxEdge.uasset" 315
"../../../Engine/Content/VREditor/TransformGizmo/PlaneTranslationHandle.uasset" 316
"../../../Engine/Content/VREditor/TransformGizmo/RotationHandleFull.uasset" 317
"../../../Engine/Content/VREditor/TransformGizmo/RotationHandleIndicator.uasset" 318
"../../../Engine/Content/VREditor/TransformGizmo/RotationHandleQuarter.uasset" 319
"../../../Engine/Content/VREditor/TransformGizmo/Main.uasset" 320
"../../../Engine/Content/VREditor/TransformGizmo/Xray.uasset" 321
"../../../Engine/Content/VREditor/TransformGizmo/SM_Dialog_Close.uasset" 322
"../../../Engine/Content/VREditor/TransformGizmo/SM_Dialog_Move.uasset" 323
"../../../Engine/Content/VREditor/TransformGizmo/SM_Sequencer_Key.uasset" 324
"../../../Engine/Content/VREditor/TransformGizmo/SM_Sequencer_Node.uasset" 325
"../../../Engine/Content/VREditor/TransformGizmo/StartRotationHandleIndicator.uasset" 326
"../../../Engine/Content/VREditor/TransformGizmo/TranslucentTransformGizmoMaterial_Inst.uasset" 327
"../../../Engine/Content/VREditor/TransformGizmo/TransformGizmoFreeRotation.uasset" 328
"../../../Engine/Content/VREditor/TransformGizmo/TransformGizmoMaterial_Inst.uasset" 329
"../../../Engine/Content/VREditor/TransformGizmo/TranslateArrowHandle.uasset" 330
"../../../Engine/Content/VREditor/TransformGizmo/UniformScaleHandle.uasset" 331
"../../../Engine/Content/VREditor/UI/KeyDiskMaterial.uasset" 332
"../../../Engine/Content/VREditor/UI/DiscMaterial.uasset" 333
"../../../Engine/Content/VREditor/UI/SM_Radial_Disk.uasset" 334
"../../../Engine/Content/Functions/Engine_MaterialFunctions01/Gradient/RadialGradient.uasset" 335
"../../../Engine/Content/VREditor/WorldMovementGrid/SimpleGrid.uasset" 336
"../../../Engine/Content/VREditor/WorldMovementGrid/GridMaterial.uasset" 337
"../../../Engine/Content/Functions/Engine_MaterialFunctions01/Density/ExponentialDensity.uasset" 338
"../../../Engine/Content/VREditor/WorldMovementGrid/GridPostProcess.uasset" 339
"../../../Engine/Content/EditorLandscapeResources/FlattenHeightMat.uasset" 340
"../../../Engine/Content/VREditor/WorldMovementGrid/PlaneMesh.uasset" 341
"../../../Engine/Plugins/2D/Paper2D/Content/PlaceholderTextures/DummySpriteTexture.uasset" 342
"../../../Engine/Plugins/2D/Paper2D/Content/DummySprite.uasset" 343
"../../../Engine/Plugins/2D/Paper2D/Content/DefaultPaperTerrainMaterial.uasset" 344
"../../../Engine/Plugins/2D/Paper2D/Content/MaskedUnlitSpriteMaterial.uasset" 345
"../../../Engine/Plugins/Media/MediaCompositing/Content/DefaultMediaPlaneMaterial.uasset" 346
"../../../Engine/Content/Functions/Engine_MaterialFunctions02/Utility/MakeFloat4.uasset" 347
"../../../Engine/Plugins/Runtime/AppleARKit/Content/ARKitCameraMaterial.uasset" 348
"../../../Engine/Plugins/Runtime/Oculus/OculusVR/Content/Textures/GearVRController_AO.uasset" 349
"../../../Engine/Plugins/Runtime/Oculus/OculusVR/Content/Textures/GearVRController_Color.uasset" 350
"../../../Engine/Plugins/Runtime/Oculus/OculusVR/Content/Textures/GearVRController_Normal.uasset" 351
"../../../Engine/Plugins/Runtime/Oculus/OculusVR/Content/Materials/GearVRControllerMaterial.uasset" 352
"../../../Engine/Plugins/Runtime/Oculus/OculusVR/Content/Meshes/GearVrController.uasset" 353
"../../../ProjekatOrao/Content/2DSideScrollerBP/Blueprints/2DSideScrollerGameMode.uasset" 354
"../../../ProjekatOrao/Content/2DSideScrollerBP/Maps/2DSideScrollerExampleMap_BuiltData.uasset" 355
"../../../ProjekatOrao/Content/UI/Glavni_meni.uasset" 356
"../../../ProjekatOrao/Content/2DSideScrollerBP/Maps/2DSideScrollerExampleMap.umap" 357
"../../../ProjekatOrao/Content/2DSideScrollerBP/glumac/restart.uasset" 358
"../../../ProjekatOrao/Content/2DSideScrollerBP/ninja/aa.uasset" 359
"../../../ProjekatOrao/Content/2DSideScrollerBP/ninja/aa_Sprite.uasset" 360
"../../../ProjekatOrao/Content/2DSideScrollerBP/glumac/siljci_2.uasset" 361
"../../../ProjekatOrao/Content/2DSideScrollerBP/glumac/vratanca.uasset" 362
"../../../ProjekatOrao/Content/2DSideScrollerBP/glumac/vratanca_Sprite.uasset" 363
"../../../ProjekatOrao/Content/UI/strelica.uasset" 364
"../../../ProjekatOrao/Content/UI/strelica_Sprite.uasset" 365
"../../../ProjekatOrao/Content/UI/meni-za-lvl2.uasset" 366
"../../../ProjekatOrao/Content/2DSideScrollerBP/glumac/siljci_3.uasset" 367
"../../../ProjekatOrao/Content/2DSideScrollerBP/Maps/novilevel/NewBlueprint.uasset" 368
"../../../ProjekatOrao/Content/2DSideScrollerBP/tajl_mape/0.uasset" 369
"../../../ProjekatOrao/Content/2DSideScrollerBP/tajl_mape/0_Sprite.uasset" 370
"../../../ProjekatOrao/Content/2DSideScrollerBP/tajl_mape/1.uasset" 371
"../../../ProjekatOrao/Content/2DSideScrollerBP/tajl_mape/1_Sprite.uasset" 372
"../../../ProjekatOrao/Content/2DSideScrollerBP/tajl_mape/3.uasset" 373
"../../../ProjekatOrao/Content/2DSideScrollerBP/tajl_mape/3_Sprite.uasset" 374
"../../../ProjekatOrao/Content/2DSideScrollerBP/tajl_mape/mapa_aseti.uasset" 375
"../../../ProjekatOrao/Content/lv_aseti/LV2.uasset" 376
"../../../ProjekatOrao/Content/lv_aseti/LV2_Sprite.uasset" 377
"../../../ProjekatOrao/Content/UI/Glavni_meni_2.uasset" 378
"../../../ProjekatOrao/Content/2DSideScrollerBP/Maps/novilevel/level2.umap" 379
"../../../ProjekatOrao/Content/2DSideScrollerBP/glumac/blob.uasset" 380
"../../../ProjekatOrao/Content/2DSideScrollerBP/glumac/dugmezabloba.uasset" 381
"../../../ProjekatOrao/Content/2DSideScrollerBP/tajl_mape/mapa_aseti2.uasset" 382
"../../../ProjekatOrao/Content/2DSideScrollerBP/Maps/novilevel/level3.umap" 383
"../../../Engine/Content/Maps/Entry.umap" 384
